<?xml version="1.0" encoding="UTF-8"?>
<!-- Generated by org.testng.reporters.JUnitXMLReporter -->
<testsuite hostname="EPCNSZXW0125" name="Default test" tests="5" failures="0" timestamp="14 Mar 2016 08:10:16 GMT" time="5.034" errors="0">
  <testcase name="plusDouble" time="1.011" classname="test.cal.PositiveTestCase"/>
  <testcase name="plusDouble" time="1.001" classname="test.cal.PositiveTestCase"/>
  <testcase name="plusDouble" time="1.001" classname="test.cal.PositiveTestCase"/>
  <testcase name="plusDouble" time="1.001" classname="test.cal.PositiveTestCase"/>
  <testcase name="plusLong" time="1.001" classname="test.cal.PositiveTestCase"/>
</testsuite> <!-- Default test -->
