<?xml version="1.0" encoding="UTF-8"?>
<!-- Generated by org.testng.reporters.JUnitXMLReporter -->
<testsuite hostname="EPCNSZXW0125" name="NegativeTestCase" tests="2" failures="2" timestamp="14 Mar 2016 08:02:39 GMT" time="0.023" errors="0">
  <testcase name="divLong" time="0.005" classname="test.cal.NegativeTestCase">
    <failure type="java.lang.IllegalArgumentException" message="argument type mismatch">
      <![CDATA[java.lang.IllegalArgumentException: argument type mismatch
... Removed 24 stack frames]]>
    </failure>
  </testcase> <!-- divLong -->
  <testcase name="divLong" time="0.002" classname="test.cal.NegativeTestCase">
    <failure type="java.lang.NullPointerException">
      <![CDATA[java.lang.NullPointerException
	at test.cal.NegativeTestCase.divLong(NegativeTestCase.java:14)
... Removed 24 stack frames]]>
    </failure>
  </testcase> <!-- divLong -->
</testsuite> <!-- NegativeTestCase -->
