<?xml version="1.0" encoding="UTF-8"?>
<!-- Generated by org.testng.reporters.JUnitXMLReporter -->
<testsuite hostname="EPCNSZXW0125" name="PositiveTestCase" tests="6" failures="0" timestamp="15 Mar 2016 02:41:09 GMT" time="4.05" errors="0">
  <testcase name="plusDouble" time="1.012" classname="test.cal.PositiveTestCase"/>
  <testcase name="subLong" time="1.034" classname="test.cal.PositiveTestCase"/>
  <testcase name="plusLong" time="1.04" classname="test.cal.PositiveTestCase"/>
  <testcase name="plusDouble" time="1.002" classname="test.cal.PositiveTestCase"/>
  <testcase name="plusDouble" time="1.002" classname="test.cal.PositiveTestCase"/>
  <testcase name="plusDouble" time="1.0" classname="test.cal.PositiveTestCase"/>
</testsuite> <!-- PositiveTestCase -->
