<?xml version="1.0" encoding="UTF-8"?>
<!-- Generated by org.testng.reporters.JUnitReportReporter -->
<testsuite hostname="EPCNSZXW0125" name="test.cal.PositiveTestCase" tests="6" failures="0" timestamp="14 Mar 2016 08:27:56 GMT" time="6.091" errors="0">
  <testcase name="plusDouble" time="1.025" classname="test.cal.PositiveTestCase"/>
  <testcase name="plusDouble" time="1.001" classname="test.cal.PositiveTestCase"/>
  <testcase name="plusLong" time="1.029" classname="test.cal.PositiveTestCase"/>
  <testcase name="plusDouble" time="1.001" classname="test.cal.PositiveTestCase"/>
  <testcase name="plusDouble" time="1.007" classname="test.cal.PositiveTestCase"/>
  <testcase name="subLong" time="1.028" classname="test.cal.PositiveTestCase"/>
</testsuite> <!-- test.cal.PositiveTestCase -->
